Using pre-set license
Built from '2021.2/china_unity/release' branch; Version is '2021.2.8f1c1 (cfd9db965adf) revision 13621723'; Using compiler version '192829333'; Build Type 'Release'
OS: 'Windows 11  (10.0.22000) 64bit CoreCountrySpecific' Language: 'zh' Physical Memory: 15791 MB
BatchMode: 1, IsHumanControllingUs: 0, StartBugReporterOnCrash: 0, Is64bit: 1, IsPro: 0

COMMAND LINE ARGUMENTS:
C:\Program Files\Unity 2021.2.8f1c1\Editor\Unity.exe
-adb2
-batchMode
-noUpm
-name
AssetImportWorker0
-projectPath
C:/Users/ASUS/Desktop/UncleCherry
-logFile
Logs/AssetImportWorker0.log
-srvPort
56831
Successfully changed project path to: C:/Users/ASUS/Desktop/UncleCherry
C:/Users/ASUS/Desktop/UncleCherry
[UnityMemory] Configuration Parameters - Can be set up in boot.config
    "memorysetup-bucket-allocator-granularity=16"
    "memorysetup-bucket-allocator-bucket-count=8"
    "memorysetup-bucket-allocator-block-size=33554432"
    "memorysetup-bucket-allocator-block-count=8"
    "memorysetup-main-allocator-block-size=16777216"
    "memorysetup-thread-allocator-block-size=16777216"
    "memorysetup-gfx-main-allocator-block-size=16777216"
    "memorysetup-gfx-thread-allocator-block-size=16777216"
    "memorysetup-cache-allocator-block-size=4194304"
    "memorysetup-typetree-allocator-block-size=2097152"
    "memorysetup-profiler-bucket-allocator-granularity=16"
    "memorysetup-profiler-bucket-allocator-bucket-count=8"
    "memorysetup-profiler-bucket-allocator-block-size=33554432"
    "memorysetup-profiler-bucket-allocator-block-count=8"
    "memorysetup-profiler-allocator-block-size=16777216"
    "memorysetup-profiler-editor-allocator-block-size=1048576"
    "memorysetup-temp-allocator-size-main=16777216"
    "memorysetup-job-temp-allocator-block-size=2097152"
    "memorysetup-job-temp-allocator-block-size-background=1048576"
    "memorysetup-job-temp-allocator-reduction-small-platforms=262144"
    "memorysetup-temp-allocator-size-background-worker=32768"
    "memorysetup-temp-allocator-size-job-worker=262144"
    "memorysetup-temp-allocator-size-preload-manager=33554432"
    "memorysetup-temp-allocator-size-nav-mesh-worker=65536"
    "memorysetup-temp-allocator-size-audio-worker=65536"
    "memorysetup-temp-allocator-size-cloud-worker=32768"
    "memorysetup-temp-allocator-size-gi-baking-worker=262144"
    "memorysetup-temp-allocator-size-gfx=262144"
AS: AutoStreaming module initializing.
Refreshing native plugins compatible for Editor in 35.74 ms, found 2 plugins.
Preloading 0 native plugins for Editor in 0.00 ms.
Initialize engine version: 2021.2.8f1c1 (cfd9db965adf)
[Subsystems] Discovering subsystems at path C:/Program Files/Unity 2021.2.8f1c1/Editor/Data/Resources/UnitySubsystems
[Subsystems] Discovering subsystems at path C:/Users/ASUS/Desktop/UncleCherry/Assets
GfxDevice: creating device client; threaded=0; jobified=0
Direct3D:
    Version:  Direct3D 11.0 [level 11.1]
    Renderer: NVIDIA GeForce GTX 1650 Ti (ID=0x1f95)
    Vendor:   NVIDIA
    VRAM:     3962 MB
    Driver:   30.0.14.9649
Initialize mono
Mono path[0] = 'C:/Program Files/Unity 2021.2.8f1c1/Editor/Data/Managed'
Mono path[1] = 'C:/Program Files/Unity 2021.2.8f1c1/Editor/Data/MonoBleedingEdge/lib/mono/unityjit-win32'
Mono config path = 'C:/Program Files/Unity 2021.2.8f1c1/Editor/Data/MonoBleedingEdge/etc'
Using monoOptions --debugger-agent=transport=dt_socket,embedding=1,server=y,suspend=n,address=127.0.0.1:56216
Begin MonoManager ReloadAssembly
Registering precompiled unity dll's ...
Register platform support module: C:/Program Files/Unity 2021.2.8f1c1/Editor/Data/PlaybackEngines/WindowsStandaloneSupport/UnityEditor.WindowsStandalone.Extensions.dll
Registered in 0.003821 seconds.
Native extension for WindowsStandalone target not found
Refreshing native plugins compatible for Editor in 49.08 ms, found 2 plugins.
Preloading 0 native plugins for Editor in 0.00 ms.
Mono: successfully reloaded assembly
- Completed reload, in  0.591 seconds
Domain Reload Profiling:
	ReloadAssembly (592ms)
		BeginReloadAssembly (80ms)
			ExecutionOrderSort (0ms)
			DisableScriptedObjects (0ms)
			BackupInstance (0ms)
			ReleaseScriptingObjects (0ms)
			CreateAndSetChildDomain (1ms)
		EndReloadAssembly (422ms)
			LoadAssemblies (76ms)
			RebuildTransferFunctionScriptingTraits (0ms)
			SetupTypeCache (108ms)
			ReleaseScriptCaches (0ms)
			RebuildScriptCaches (28ms)
			SetupLoadedEditorAssemblies (232ms)
				LogAssemblyErrors (0ms)
				InitializePlatformSupportModulesInManaged (14ms)
				SetLoadedEditorAssemblies (0ms)
				RefreshPlugins (49ms)
				BeforeProcessingInitializeOnLoad (1ms)
				ProcessInitializeOnLoadAttributes (122ms)
				ProcessInitializeOnLoadMethodAttributes (44ms)
				AfterProcessingInitializeOnLoad (0ms)
				EditorAssembliesLoaded (0ms)
			ExecutionOrderSort2 (0ms)
			AwakeInstancesAfterBackupRestoration (0ms)
Platform modules already initialized, skipping
Registering precompiled user dll's ...
Registered in 0.004333 seconds.
Begin MonoManager ReloadAssembly
Native extension for WindowsStandalone target not found
Refreshing native plugins compatible for Editor in 0.61 ms, found 2 plugins.
Preloading 0 native plugins for Editor in 0.00 ms.
Mono: successfully reloaded assembly
- Completed reload, in  1.116 seconds
Domain Reload Profiling:
	ReloadAssembly (1116ms)
		BeginReloadAssembly (120ms)
			ExecutionOrderSort (0ms)
			DisableScriptedObjects (5ms)
			BackupInstance (0ms)
			ReleaseScriptingObjects (0ms)
			CreateAndSetChildDomain (21ms)
		EndReloadAssembly (879ms)
			LoadAssemblies (79ms)
			RebuildTransferFunctionScriptingTraits (0ms)
			SetupTypeCache (262ms)
			ReleaseScriptCaches (1ms)
			RebuildScriptCaches (59ms)
			SetupLoadedEditorAssemblies (427ms)
				LogAssemblyErrors (0ms)
				InitializePlatformSupportModulesInManaged (14ms)
				SetLoadedEditorAssemblies (1ms)
				RefreshPlugins (1ms)
				BeforeProcessingInitializeOnLoad (72ms)
				ProcessInitializeOnLoadAttributes (276ms)
				ProcessInitializeOnLoadMethodAttributes (51ms)
				AfterProcessingInitializeOnLoad (12ms)
				EditorAssembliesLoaded (0ms)
			ExecutionOrderSort2 (0ms)
			AwakeInstancesAfterBackupRestoration (8ms)
Platform modules already initialized, skipping
========================================================================
Worker process is ready to serve import requests
Launched and connected shader compiler UnityShaderCompiler.exe after 0.08 seconds
Refreshing native plugins compatible for Editor in 0.66 ms, found 2 plugins.
Preloading 0 native plugins for Editor in 0.00 ms.
Unloading 1779 Unused Serialized files (Serialized files now loaded: 0)
Unloading 34 unused Assets / (128.9 KB). Loaded Objects now: 2249.
Memory consumption went from 76.7 MB to 76.6 MB.
Total: 3.299000 ms (FindLiveObjects: 0.234500 ms CreateObjectMapping: 0.042500 ms MarkObjects: 2.887500 ms  DeleteObjects: 0.130100 ms)

AssetImportParameters requested are different than current active one (requested -> active):
  custom:video-decoder-ogg-theora: a1e56fd34408186e4bbccfd4996cb3dc -> 
  custom:container-muxer-webm: aa71ff27fc2769a1b78a27578f13a17b -> 
  custom:container-demuxer-webm: 4f35f7cbe854078d1ac9338744f61a02 -> 
  custom:video-encoder-webm-vp8: eb34c28f22e8b96e1ab97ce403110664 -> 
  custom:audio-encoder-webm-vorbis: bf7c407c2cedff20999df2af8eb42d56 -> 
  custom:framework-win-MediaFoundation: 216162199b28c13a410421893ffa2e32 -> 
  custom:container-demuxer-ogg: 62fdf1f143b41e24485cea50d1cbac27 -> 
  custom:video-decoder-webm-vp8: 9c59270c3fd7afecdb556c50c9e8de78 -> 
  custom:audio-decoder-ogg-vorbis: bf7c407c2cedff20999df2af8eb42d56 -> 
========================================================================
Received Import Request.
  Time since last request: 15531.560627 seconds.
  path: Assets/scripts/playerControler - Copy.cs
  artifactKey: Guid(cfc3ad7a777f24743981a0bb5af54285) Importer(815301076,1909f56bfc062723c751e8b465ee728b)
Start importing Assets/scripts/playerControler - Copy.cs using Guid(cfc3ad7a777f24743981a0bb5af54285) Importer(815301076,1909f56bfc062723c751e8b465ee728b)  -> (artifact id: 'b4becac893a652af777ac4fe48e56514') in 0.059932 seconds 
========================================================================
Received Import Request.
  Time since last request: 49.516846 seconds.
  path: Assets/scripts/playerControler - Copy1.cs
  artifactKey: Guid(f4cd85b13f006394a8b2b5c32d10c237) Importer(815301076,1909f56bfc062723c751e8b465ee728b)
Start importing Assets/scripts/playerControler - Copy1.cs using Guid(f4cd85b13f006394a8b2b5c32d10c237) Importer(815301076,1909f56bfc062723c751e8b465ee728b)  -> (artifact id: '088f8cacdcfa0fab7f7153909987266f') in 0.005337 seconds 
========================================================================
Received Import Request.
  Time since last request: 40.178949 seconds.
  path: Assets/scripts/Garbage - 副本.cs
  artifactKey: Guid(150b25ead8d458b40b4201d93f219d92) Importer(815301076,1909f56bfc062723c751e8b465ee728b)
Start importing Assets/scripts/Garbage - 副本.cs using Guid(150b25ead8d458b40b4201d93f219d92) Importer(815301076,1909f56bfc062723c751e8b465ee728b)  -> (artifact id: '8ad701c05aaa1f3ebd5da9a75134a80f') in 0.003657 seconds 
========================================================================
Received Import Request.
  Time since last request: 9.361213 seconds.
  path: Assets/scripts/Garbage.cs
  artifactKey: Guid(150b25ead8d458b40b4201d93f219d92) Importer(815301076,1909f56bfc062723c751e8b465ee728b)
Start importing Assets/scripts/Garbage.cs using Guid(150b25ead8d458b40b4201d93f219d92) Importer(815301076,1909f56bfc062723c751e8b465ee728b)  -> (artifact id: '33d55505fef3ada0472444fa89d8e727') in 0.002071 seconds 
========================================================================
Received Import Request.
  Time since last request: 841.349568 seconds.
  path: Assets/scripts/Frog.cs
  artifactKey: Guid(40f9674ce47ca8740976fd94a3b3a324) Importer(815301076,1909f56bfc062723c751e8b465ee728b)
Start importing Assets/scripts/Frog.cs using Guid(40f9674ce47ca8740976fd94a3b3a324) Importer(815301076,1909f56bfc062723c751e8b465ee728b)  -> (artifact id: '16b759912a0eb29729edcf3ded506fbb') in 0.002312 seconds 
========================================================================
Received Import Request.
  Time since last request: 472.272231 seconds.
  path: Assets/scripts/Weapon - 副本.cs
  artifactKey: Guid(1ee5b9fc0999ae14ea5ded143a91598a) Importer(815301076,1909f56bfc062723c751e8b465ee728b)
Start importing Assets/scripts/Weapon - 副本.cs using Guid(1ee5b9fc0999ae14ea5ded143a91598a) Importer(815301076,1909f56bfc062723c751e8b465ee728b)  -> (artifact id: 'b37ba34467b13afd04c313b15d1c7f2e') in 0.003659 seconds 
========================================================================
Received Import Request.
  Time since last request: 15.329142 seconds.
  path: Assets/scripts/Weapon.cs
  artifactKey: Guid(1ee5b9fc0999ae14ea5ded143a91598a) Importer(815301076,1909f56bfc062723c751e8b465ee728b)
Start importing Assets/scripts/Weapon.cs using Guid(1ee5b9fc0999ae14ea5ded143a91598a) Importer(815301076,1909f56bfc062723c751e8b465ee728b)  -> (artifact id: 'd705b46ef062617878260f55bcea639a') in 0.002486 seconds 
========================================================================
Received Import Request.
  Time since last request: 19.491241 seconds.
  path: Assets/scripts/EnenyEagle - 副本.cs
  artifactKey: Guid(e8af22fc625406f4caf5285c014f4e5a) Importer(815301076,1909f56bfc062723c751e8b465ee728b)
Start importing Assets/scripts/EnenyEagle - 副本.cs using Guid(e8af22fc625406f4caf5285c014f4e5a) Importer(815301076,1909f56bfc062723c751e8b465ee728b)  -> (artifact id: '83f425fa4d3a9eac5a9eff1b87fe7e08') in 0.004548 seconds 
========================================================================
Received Import Request.
  Time since last request: 5.423491 seconds.
  path: Assets/scripts/EnenyEagle.cs
  artifactKey: Guid(e8af22fc625406f4caf5285c014f4e5a) Importer(815301076,1909f56bfc062723c751e8b465ee728b)
Start importing Assets/scripts/EnenyEagle.cs using Guid(e8af22fc625406f4caf5285c014f4e5a) Importer(815301076,1909f56bfc062723c751e8b465ee728b)  -> (artifact id: '959c2576121ed0b1249be99316acb35f') in 0.002326 seconds 
